Using pre-set license
Built from '2020.2/release' branch; Version is '2020.2.2f1 (068178b99f32) revision 426360'; Using compiler version '192528614'; Build Type 'Release'
OS: 'Windows 10 Home; OS build 19042.985; Version 2009; 64bit' Language: 'en' Physical Memory: 16253 MB
BatchMode: 1, IsHumanControllingUs: 0, StartBugReporterOnCrash: 0, Is64bit: 1, IsPro: 0

 COMMAND LINE ARGUMENTS:
C:\Program Files\Unity\Editor\Unity.exe
-adb2
-batchMode
-noUpm
-name
AssetImportWorker0
-projectPath
C:/Users/alext/OneDrive/Documents/Unity/Git/Caber Toss/GUI ASS 2
-logFile
Logs/AssetImportWorker0.log
-srvPort
56832
Successfully changed project path to: C:/Users/alext/OneDrive/Documents/Unity/Git/Caber Toss/GUI ASS 2
C:/Users/alext/OneDrive/Documents/Unity/Git/Caber Toss/GUI ASS 2
Using Asset Import Pipeline V2.
Refreshing native plugins compatible for Editor in 20.68 ms, found 0 plugins.
Preloading 0 native plugins for Editor in 0.00 ms.
Initialize engine version: 2020.2.2f1 (068178b99f32)
[Subsystems] Discovering subsystems at path C:/Program Files/Unity/Editor/Data/Resources/UnitySubsystems
[Subsystems] Discovering subsystems at path C:/Users/alext/OneDrive/Documents/Unity/Git/Caber Toss/GUI ASS 2/Assets
GfxDevice: creating device client; threaded=0
Direct3D:
    Version:  Direct3D 11.0 [level 11.1]
    Renderer: NVIDIA GeForce RTX 2060 (ID=0x1f15)
    Vendor:   
    VRAM:     5980 MB
    Driver:   27.21.14.6192
Initialize mono
Mono path[0] = 'C:/Program Files/Unity/Editor/Data/Managed'
Mono path[1] = 'C:/Program Files/Unity/Editor/Data/MonoBleedingEdge/lib/mono/unityjit'
Mono config path = 'C:/Program Files/Unity/Editor/Data/MonoBleedingEdge/etc'
Using monoOptions --debugger-agent=transport=dt_socket,embedding=1,server=y,suspend=n,address=127.0.0.1:56828
Begin MonoManager ReloadAssembly
Registering precompiled unity dll's ...
Register platform support module: C:/Program Files/Unity/Editor/Data/PlaybackEngines/WindowsStandaloneSupport/UnityEditor.WindowsStandalone.Extensions.dll
Registered in 0.001501 seconds.
Native extension for WindowsStandalone target not found
Refreshing native plugins compatible for Editor in 21.03 ms, found 0 plugins.
Preloading 0 native plugins for Editor in 0.00 ms.
Invoked RoslynAnalysisRunner static constructor.
RoslynAnalysisRunner will not be running.
RoslynAnalysisRunner has terminated.
Mono: successfully reloaded assembly
- Completed reload, in  0.862 seconds
Platform modules already initialized, skipping
Registering precompiled user dll's ...
Registered in 0.000528 seconds.
Begin MonoManager ReloadAssembly
Native extension for WindowsStandalone target not found
Refreshing native plugins compatible for Editor in 0.18 ms, found 0 plugins.
Preloading 0 native plugins for Editor in 0.00 ms.
Invoked RoslynAnalysisRunner static constructor.
RoslynAnalysisRunner will not be running.
RoslynAnalysisRunner has terminated.
Mono: successfully reloaded assembly
- Completed reload, in  0.731 seconds
Platform modules already initialized, skipping
========================================================================
Worker process is ready to serve import requests
Launched and connected shader compiler UnityShaderCompiler.exe after 0.03 seconds
Refreshing native plugins compatible for Editor in 0.18 ms, found 0 plugins.
Preloading 0 native plugins for Editor in 0.00 ms.
Unloading 1099 Unused Serialized files (Serialized files now loaded: 0)
System memory in use before: 56.6 MB.
System memory in use after: 56.6 MB.

Unloading 10 unused Assets to reduce memory usage. Loaded Objects now: 1540.
Total: 1.970700 ms (FindLiveObjects: 0.133700 ms CreateObjectMapping: 0.040400 ms MarkObjects: 1.722900 ms  DeleteObjects: 0.072600 ms)

========================================================================
Received Import Request.
  path: Assets/grass_rocky_d.jpg
  artifactKey: Guid(36a1c2aab24c10b49a8d96a4347fe693) Importer(815301076,1909f56bfc062723c751e8b465ee728b)
Start importing Assets/grass_rocky_d.jpg using Guid(36a1c2aab24c10b49a8d96a4347fe693) Importer(815301076,1909f56bfc062723c751e8b465ee728b)  -> (artifact id: 'd4c00a30047c8e3c621aa824d0ec31a4') in 0.079136 seconds
  Import took 0.081240 seconds .

========================================================================
Received Import Request.
  Time since last request: 56.683105 seconds.
  path: Assets/lava_d.jpg
  artifactKey: Guid(3ff2242a597c93047897c30d4435576f) Importer(815301076,1909f56bfc062723c751e8b465ee728b)
Start importing Assets/lava_d.jpg using Guid(3ff2242a597c93047897c30d4435576f) Importer(815301076,1909f56bfc062723c751e8b465ee728b)  -> (artifact id: '88df9e51547c79bf9bdb915262d6dd6f') in 0.012082 seconds
  Import took 0.014978 seconds .

========================================================================
Received Import Request.
  Time since last request: 74.246341 seconds.
  path: Assets/snow_grass2_d.jpg
  artifactKey: Guid(e9ab08e3815000f4ab88b57c34a8725d) Importer(815301076,1909f56bfc062723c751e8b465ee728b)
Start importing Assets/snow_grass2_d.jpg using Guid(e9ab08e3815000f4ab88b57c34a8725d) Importer(815301076,1909f56bfc062723c751e8b465ee728b)  -> (artifact id: '3a1780fc687153e7ecbf7965e66d4f03') in 0.014143 seconds
  Import took 0.017237 seconds .

========================================================================
Received Import Request.
  Time since last request: 22.964678 seconds.
  path: Assets/ground_leaves_d.jpg
  artifactKey: Guid(82406deb289f09042b9b2e412ea7b991) Importer(815301076,1909f56bfc062723c751e8b465ee728b)
Start importing Assets/ground_leaves_d.jpg using Guid(82406deb289f09042b9b2e412ea7b991) Importer(815301076,1909f56bfc062723c751e8b465ee728b)  -> (artifact id: 'a07bbbd553b44016b495c083768d7115') in 0.013552 seconds
  Import took 0.016451 seconds .

========================================================================
Received Import Request.
  Time since last request: 20.046313 seconds.
  path: Assets/grass_green_d.jpg
  artifactKey: Guid(b930908559b9ba04b9efcc1970f06649) Importer(815301076,1909f56bfc062723c751e8b465ee728b)
Start importing Assets/grass_green_d.jpg using Guid(b930908559b9ba04b9efcc1970f06649) Importer(815301076,1909f56bfc062723c751e8b465ee728b)  -> (artifact id: 'ab5a9103c371b6bfd10586a04f62a008') in 0.014734 seconds
  Import took 0.016496 seconds .

========================================================================
Received Import Request.
  Time since last request: 0.001389 seconds.
  path: Assets/grass_green_d.jpg
  artifactKey: Guid(b930908559b9ba04b9efcc1970f06649) Importer(815301076,1909f56bfc062723c751e8b465ee728b)
Start importing Assets/grass_green_d.jpg using Guid(b930908559b9ba04b9efcc1970f06649) Importer(815301076,1909f56bfc062723c751e8b465ee728b)  -> (artifact id: 'ab5a9103c371b6bfd10586a04f62a008') in 0.016393 seconds
  Import took 0.019229 seconds .

========================================================================
Received Import Request.
  Time since last request: 303.780847 seconds.
  path: Assets/desert_mntn_n.jpg
  artifactKey: Guid(6f1b67c48d7498e41a4ac53fe26b03d3) Importer(815301076,1909f56bfc062723c751e8b465ee728b)
Start importing Assets/desert_mntn_n.jpg using Guid(6f1b67c48d7498e41a4ac53fe26b03d3) Importer(815301076,1909f56bfc062723c751e8b465ee728b)  -> (artifact id: 'bd907503fc0a7ec898fd290f8a5396b6') in 0.016158 seconds
  Import took 0.018765 seconds .

========================================================================
Received Prepare
Registering precompiled user dll's ...
Registered in 0.000564 seconds.
Begin MonoManager ReloadAssembly
Native extension for WindowsStandalone target not found
Refreshing native plugins compatible for Editor in 0.18 ms, found 0 plugins.
Preloading 0 native plugins for Editor in 0.00 ms.
Invoked RoslynAnalysisRunner static constructor.
RoslynAnalysisRunner will not be running.
RoslynAnalysisRunner has terminated.
Mono: successfully reloaded assembly
- Completed reload, in  0.699 seconds
Platform modules already initialized, skipping
Refreshing native plugins compatible for Editor in 0.17 ms, found 0 plugins.
Preloading 0 native plugins for Editor in 0.00 ms.
Unloading 1094 Unused Serialized files (Serialized files now loaded: 0)
System memory in use before: 56.7 MB.
System memory in use after: 56.7 MB.

Unloading 5 unused Assets to reduce memory usage. Loaded Objects now: 1544.
Total: 1.360000 ms (FindLiveObjects: 0.152400 ms CreateObjectMapping: 0.038000 ms MarkObjects: 1.118800 ms  DeleteObjects: 0.050200 ms)

========================================================================
Received Import Request.
  Time since last request: 475.626874 seconds.
  path: Assets/ship_E.png
  artifactKey: Guid(cb2d8b12db0d43b43a6649b04bcd20cf) Importer(815301076,1909f56bfc062723c751e8b465ee728b)
Start importing Assets/ship_E.png using Guid(cb2d8b12db0d43b43a6649b04bcd20cf) Importer(815301076,1909f56bfc062723c751e8b465ee728b)  -> (artifact id: '93af282b58fd90a893f7d6e6db00bfbf') in 0.036527 seconds
  Import took 0.039497 seconds .

========================================================================
Received Import Request.
  Time since last request: 190.220810 seconds.
  path: Assets/station_A.png
  artifactKey: Guid(4345912b3bf14bc4f984cb8d68f299f0) Importer(815301076,1909f56bfc062723c751e8b465ee728b)
Start importing Assets/station_A.png using Guid(4345912b3bf14bc4f984cb8d68f299f0) Importer(815301076,1909f56bfc062723c751e8b465ee728b)  -> (artifact id: '1401bf7a1a36d245e4d9b619e11b6d54') in 0.012511 seconds
  Import took 0.015755 seconds .

========================================================================
Received Import Request.
  Time since last request: 6.080706 seconds.
  path: Assets/ship_E.png
  artifactKey: Guid(cb2d8b12db0d43b43a6649b04bcd20cf) Importer(815301076,1909f56bfc062723c751e8b465ee728b)
Start importing Assets/ship_E.png using Guid(cb2d8b12db0d43b43a6649b04bcd20cf) Importer(815301076,1909f56bfc062723c751e8b465ee728b)  -> (artifact id: 'e5c29c44d965efa0c5a4dd725e317301') in 0.044003 seconds
  Import took 0.046240 seconds .

========================================================================
Received Import Request.
  Time since last request: 54.090331 seconds.
  path: Assets/station_A.png
  artifactKey: Guid(4345912b3bf14bc4f984cb8d68f299f0) Importer(815301076,1909f56bfc062723c751e8b465ee728b)
Start importing Assets/station_A.png using Guid(4345912b3bf14bc4f984cb8d68f299f0) Importer(815301076,1909f56bfc062723c751e8b465ee728b)  -> (artifact id: '7fd925228314fc3ce607fec4ecddef9f') in 0.012211 seconds
  Import took 0.013996 seconds .

========================================================================
Received Import Request.
  Time since last request: 84.548978 seconds.
  path: Assets/ship_E.png
  artifactKey: Guid(cb2d8b12db0d43b43a6649b04bcd20cf) Importer(815301076,1909f56bfc062723c751e8b465ee728b)
Start importing Assets/ship_E.png using Guid(cb2d8b12db0d43b43a6649b04bcd20cf) Importer(815301076,1909f56bfc062723c751e8b465ee728b)  -> (artifact id: '289c2b36050db08cb9af239321e957c1') in 0.014527 seconds
  Import took 0.016500 seconds .

========================================================================
Received Import Request.
  Time since last request: 5.211696 seconds.
  path: Assets/ship_E.png
  artifactKey: Guid(cb2d8b12db0d43b43a6649b04bcd20cf) Importer(815301076,1909f56bfc062723c751e8b465ee728b)
Start importing Assets/ship_E.png using Guid(cb2d8b12db0d43b43a6649b04bcd20cf) Importer(815301076,1909f56bfc062723c751e8b465ee728b)  -> (artifact id: '69497c2fb9c2d269ef394f2fbcc28c27') in 0.009680 seconds
  Import took 0.011709 seconds .

========================================================================
Received Import Request.
  Time since last request: 0.005130 seconds.
  path: Assets/ship_E.png
  artifactKey: Guid(cb2d8b12db0d43b43a6649b04bcd20cf) Importer(815301076,1909f56bfc062723c751e8b465ee728b)
Start importing Assets/ship_E.png using Guid(cb2d8b12db0d43b43a6649b04bcd20cf) Importer(815301076,1909f56bfc062723c751e8b465ee728b)  -> (artifact id: '69497c2fb9c2d269ef394f2fbcc28c27') in 0.007544 seconds
  Import took 0.009243 seconds .

========================================================================
Received Import Request.
  Time since last request: 41.571131 seconds.
  path: Assets/meteor_large.png
  artifactKey: Guid(0c8413eac66c96b4eb61b44d73bfb172) Importer(815301076,1909f56bfc062723c751e8b465ee728b)
Start importing Assets/meteor_large.png using Guid(0c8413eac66c96b4eb61b44d73bfb172) Importer(815301076,1909f56bfc062723c751e8b465ee728b)  -> (artifact id: '3491125bee24da415cc3f4dc808ca2b8') in 0.015339 seconds
  Import took 0.017909 seconds .

========================================================================
Received Import Request.
  Time since last request: 0.004834 seconds.
  path: Assets/meteor_large.png
  artifactKey: Guid(0c8413eac66c96b4eb61b44d73bfb172) Importer(815301076,1909f56bfc062723c751e8b465ee728b)
Start importing Assets/meteor_large.png using Guid(0c8413eac66c96b4eb61b44d73bfb172) Importer(815301076,1909f56bfc062723c751e8b465ee728b)  -> (artifact id: '3491125bee24da415cc3f4dc808ca2b8') in 0.007553 seconds
  Import took 0.009889 seconds .

========================================================================
Received Import Request.
  Time since last request: 8.698316 seconds.
  path: Assets/meteor_large.png
  artifactKey: Guid(0c8413eac66c96b4eb61b44d73bfb172) Importer(815301076,1909f56bfc062723c751e8b465ee728b)
Start importing Assets/meteor_large.png using Guid(0c8413eac66c96b4eb61b44d73bfb172) Importer(815301076,1909f56bfc062723c751e8b465ee728b)  -> (artifact id: 'f36619052a6939ab5c4ecaa67612bc72') in 0.011944 seconds
  Import took 0.013987 seconds .

========================================================================
Received Import Request.
  Time since last request: 0.004601 seconds.
  path: Assets/meteor_large.png
  artifactKey: Guid(0c8413eac66c96b4eb61b44d73bfb172) Importer(815301076,1909f56bfc062723c751e8b465ee728b)
Start importing Assets/meteor_large.png using Guid(0c8413eac66c96b4eb61b44d73bfb172) Importer(815301076,1909f56bfc062723c751e8b465ee728b)  -> (artifact id: 'f36619052a6939ab5c4ecaa67612bc72') in 0.009293 seconds
  Import took 0.011793 seconds .

========================================================================
Received Import Request.
  Time since last request: 301.981501 seconds.
  path: Assets
  artifactKey: Guid(00000000000000001000000000000000) Importer(815301076,1909f56bfc062723c751e8b465ee728b)
Start importing Assets using Guid(00000000000000001000000000000000) Importer(815301076,1909f56bfc062723c751e8b465ee728b)  -> (artifact id: '4a6e520b92ccfc61bcfa21a7bcab8468') in 0.007157 seconds
  Import took 0.009515 seconds .

========================================================================
Received Import Request.
  Time since last request: 16.531323 seconds.
  path: Assets/MiniMap.renderTexture
  artifactKey: Guid(780a16f734e86b044a2298cf51db10cc) Importer(815301076,1909f56bfc062723c751e8b465ee728b)
Start importing Assets/MiniMap.renderTexture using Guid(780a16f734e86b044a2298cf51db10cc) Importer(815301076,1909f56bfc062723c751e8b465ee728b)  -> (artifact id: '9aaddd3643737ecc26890e364cd9a9ce') in 0.014809 seconds
  Import took 0.016795 seconds .

========================================================================
Received Import Request.
  Time since last request: 156.199137 seconds.
  path: Assets/MiniMat.mat
  artifactKey: Guid(611e2823022d3f148a1067a32e5e5ad4) Importer(815301076,1909f56bfc062723c751e8b465ee728b)
Start importing Assets/MiniMat.mat using Guid(611e2823022d3f148a1067a32e5e5ad4) Importer(815301076,1909f56bfc062723c751e8b465ee728b)  -> (artifact id: '6722a7b0639f86c30edac78e5e5b54bf') in 0.043421 seconds
  Import took 0.045980 seconds .

========================================================================
Received Prepare
Registering precompiled user dll's ...
Registered in 0.000516 seconds.
Begin MonoManager ReloadAssembly
Native extension for WindowsStandalone target not found
Refreshing native plugins compatible for Editor in 0.19 ms, found 0 plugins.
Preloading 0 native plugins for Editor in 0.00 ms.
Invoked RoslynAnalysisRunner static constructor.
RoslynAnalysisRunner will not be running.
RoslynAnalysisRunner has terminated.
Mono: successfully reloaded assembly
- Completed reload, in  0.673 seconds
Platform modules already initialized, skipping
Refreshing native plugins compatible for Editor in 0.19 ms, found 0 plugins.
Preloading 0 native plugins for Editor in 0.00 ms.
Unloading 1094 Unused Serialized files (Serialized files now loaded: 0)
System memory in use before: 60.2 MB.
System memory in use after: 60.2 MB.

Unloading 5 unused Assets to reduce memory usage. Loaded Objects now: 1590.
Total: 1.278700 ms (FindLiveObjects: 0.113100 ms CreateObjectMapping: 0.029800 ms MarkObjects: 1.087400 ms  DeleteObjects: 0.047200 ms)

========================================================================
Received Import Request.
  Time since last request: 2808.727218 seconds.
  path: Assets/star_medium.png
  artifactKey: Guid(9f80ca18246fd1a40be14d5f34112afc) Importer(815301076,1909f56bfc062723c751e8b465ee728b)
Start importing Assets/star_medium.png using Guid(9f80ca18246fd1a40be14d5f34112afc) Importer(815301076,1909f56bfc062723c751e8b465ee728b)  -> (artifact id: 'ad69fe633d143bd8b6820fbcaea5a517') in 0.050141 seconds
  Import took 0.052508 seconds .

========================================================================
Received Import Request.
  Time since last request: 25.892186 seconds.
  path: Assets/star_medium.png
  artifactKey: Guid(9f80ca18246fd1a40be14d5f34112afc) Importer(815301076,1909f56bfc062723c751e8b465ee728b)
Start importing Assets/star_medium.png using Guid(9f80ca18246fd1a40be14d5f34112afc) Importer(815301076,1909f56bfc062723c751e8b465ee728b)  -> (artifact id: 'be83934c8689873496cb44e243a6b2ab') in 0.031845 seconds
  Import took 0.034022 seconds .

========================================================================
Received Import Request.
  Time since last request: 30.590978 seconds.
  path: Assets/station_B.png
  artifactKey: Guid(9c95056ac8644ee4eb7a229f5cee76c3) Importer(815301076,1909f56bfc062723c751e8b465ee728b)
Start importing Assets/station_B.png using Guid(9c95056ac8644ee4eb7a229f5cee76c3) Importer(815301076,1909f56bfc062723c751e8b465ee728b)  -> (artifact id: '89f273515e2c9daef892363afed89cda') in 0.013167 seconds
  Import took 0.015300 seconds .

========================================================================
Received Import Request.
  Time since last request: 8.760608 seconds.
  path: Assets/station_B.png
  artifactKey: Guid(9c95056ac8644ee4eb7a229f5cee76c3) Importer(815301076,1909f56bfc062723c751e8b465ee728b)
Start importing Assets/station_B.png using Guid(9c95056ac8644ee4eb7a229f5cee76c3) Importer(815301076,1909f56bfc062723c751e8b465ee728b)  -> (artifact id: '49d3bf0cacaa341ca09e6c8b3ed718aa') in 0.014601 seconds
  Import took 0.016540 seconds .

========================================================================
Received Import Request.
  Time since last request: 0.000910 seconds.
  path: Assets/station_B.png
  artifactKey: Guid(9c95056ac8644ee4eb7a229f5cee76c3) Importer(815301076,1909f56bfc062723c751e8b465ee728b)
Start importing Assets/station_B.png using Guid(9c95056ac8644ee4eb7a229f5cee76c3) Importer(815301076,1909f56bfc062723c751e8b465ee728b)  -> (artifact id: '49d3bf0cacaa341ca09e6c8b3ed718aa') in 0.012261 seconds
  Import took 0.014206 seconds .

========================================================================
Received Import Request.
  Time since last request: 160.216161 seconds.
  path: Assets/cursor_outline_white.png
  artifactKey: Guid(068dc556b1f9eb542a5c5e8f12878868) Importer(815301076,1909f56bfc062723c751e8b465ee728b)
Start importing Assets/cursor_outline_white.png using Guid(068dc556b1f9eb542a5c5e8f12878868) Importer(815301076,1909f56bfc062723c751e8b465ee728b)  -> (artifact id: 'a0a5de899dfe83d8e6e46945618b4017') in 0.012495 seconds
  Import took 0.015090 seconds .

========================================================================
Received Import Request.
  Time since last request: 0.001591 seconds.
  path: Assets/cursor_outline_white.png
  artifactKey: Guid(068dc556b1f9eb542a5c5e8f12878868) Importer(815301076,1909f56bfc062723c751e8b465ee728b)
Start importing Assets/cursor_outline_white.png using Guid(068dc556b1f9eb542a5c5e8f12878868) Importer(815301076,1909f56bfc062723c751e8b465ee728b)  -> (artifact id: 'a0a5de899dfe83d8e6e46945618b4017') in 0.008191 seconds
  Import took 0.010572 seconds .

========================================================================
Received Import Request.
  Time since last request: 14.056173 seconds.
  path: Assets/cursor_outline_white.png
  artifactKey: Guid(068dc556b1f9eb542a5c5e8f12878868) Importer(815301076,1909f56bfc062723c751e8b465ee728b)
Start importing Assets/cursor_outline_white.png using Guid(068dc556b1f9eb542a5c5e8f12878868) Importer(815301076,1909f56bfc062723c751e8b465ee728b)  -> (artifact id: '74addfa6cbfaa5abb615d3f19095c17a') in 0.012176 seconds
  Import took 0.014129 seconds .

========================================================================
Received Import Request.
  Time since last request: 37.804669 seconds.
  path: Assets/cursor_outline_white.png
  artifactKey: Guid(068dc556b1f9eb542a5c5e8f12878868) Importer(815301076,1909f56bfc062723c751e8b465ee728b)
Start importing Assets/cursor_outline_white.png using Guid(068dc556b1f9eb542a5c5e8f12878868) Importer(815301076,1909f56bfc062723c751e8b465ee728b)  -> (artifact id: '88bf954b78e4753fddd3720c697ab1a1') in 0.011611 seconds
  Import took 0.013761 seconds .

========================================================================
Received Import Request.
  Time since last request: 0.003511 seconds.
  path: Assets/cursor_outline_white.png
  artifactKey: Guid(068dc556b1f9eb542a5c5e8f12878868) Importer(815301076,1909f56bfc062723c751e8b465ee728b)
Start importing Assets/cursor_outline_white.png using Guid(068dc556b1f9eb542a5c5e8f12878868) Importer(815301076,1909f56bfc062723c751e8b465ee728b)  -> (artifact id: '88bf954b78e4753fddd3720c697ab1a1') in 0.006602 seconds
  Import took 0.008301 seconds .

========================================================================
Received Prepare
Registering precompiled user dll's ...
Registered in 0.000687 seconds.
Begin MonoManager ReloadAssembly
Native extension for WindowsStandalone target not found
Refreshing native plugins compatible for Editor in 0.22 ms, found 0 plugins.
Preloading 0 native plugins for Editor in 0.00 ms.
Invoked RoslynAnalysisRunner static constructor.
RoslynAnalysisRunner will not be running.
RoslynAnalysisRunner has terminated.
Mono: successfully reloaded assembly
- Completed reload, in  0.694 seconds
Platform modules already initialized, skipping
Refreshing native plugins compatible for Editor in 0.20 ms, found 0 plugins.
Preloading 0 native plugins for Editor in 0.00 ms.
Unloading 1094 Unused Serialized files (Serialized files now loaded: 0)
System memory in use before: 60.3 MB.
System memory in use after: 60.4 MB.

Unloading 5 unused Assets to reduce memory usage. Loaded Objects now: 1593.
Total: 1.905300 ms (FindLiveObjects: 0.304700 ms CreateObjectMapping: 0.062100 ms MarkObjects: 1.491700 ms  DeleteObjects: 0.044900 ms)

========================================================================
Received Import Request.
  Time since last request: 182.618076 seconds.
  path: Assets/cursor_outline_white.png
  artifactKey: Guid(068dc556b1f9eb542a5c5e8f12878868) Importer(815301076,1909f56bfc062723c751e8b465ee728b)
Start importing Assets/cursor_outline_white.png using Guid(068dc556b1f9eb542a5c5e8f12878868) Importer(815301076,1909f56bfc062723c751e8b465ee728b)  -> (artifact id: '67f51ed790f409bb47021de2a800f7fd') in 0.035655 seconds
  Import took 0.037534 seconds .

========================================================================
Received Prepare
Registering precompiled user dll's ...
Registered in 0.000600 seconds.
Begin MonoManager ReloadAssembly
Native extension for WindowsStandalone target not found
Refreshing native plugins compatible for Editor in 0.18 ms, found 0 plugins.
Preloading 0 native plugins for Editor in 0.00 ms.
Invoked RoslynAnalysisRunner static constructor.
RoslynAnalysisRunner will not be running.
RoslynAnalysisRunner has terminated.
Mono: successfully reloaded assembly
- Completed reload, in  0.676 seconds
Platform modules already initialized, skipping
Refreshing native plugins compatible for Editor in 0.19 ms, found 0 plugins.
Preloading 0 native plugins for Editor in 0.00 ms.
Unloading 1094 Unused Serialized files (Serialized files now loaded: 0)
System memory in use before: 60.4 MB.
System memory in use after: 60.5 MB.

Unloading 5 unused Assets to reduce memory usage. Loaded Objects now: 1595.
Total: 1.279300 ms (FindLiveObjects: 0.121400 ms CreateObjectMapping: 0.034900 ms MarkObjects: 1.076200 ms  DeleteObjects: 0.045500 ms)

========================================================================
Received Prepare
Registering precompiled user dll's ...
Registered in 0.000553 seconds.
Begin MonoManager ReloadAssembly
Native extension for WindowsStandalone target not found
Refreshing native plugins compatible for Editor in 0.18 ms, found 0 plugins.
Preloading 0 native plugins for Editor in 0.00 ms.
Invoked RoslynAnalysisRunner static constructor.
RoslynAnalysisRunner will not be running.
RoslynAnalysisRunner has terminated.
Mono: successfully reloaded assembly
- Completed reload, in  0.676 seconds
Platform modules already initialized, skipping
Refreshing native plugins compatible for Editor in 0.18 ms, found 0 plugins.
Preloading 0 native plugins for Editor in 0.00 ms.
Unloading 1094 Unused Serialized files (Serialized files now loaded: 0)
System memory in use before: 60.5 MB.
System memory in use after: 60.6 MB.

Unloading 5 unused Assets to reduce memory usage. Loaded Objects now: 1597.
Total: 1.578400 ms (FindLiveObjects: 0.167700 ms CreateObjectMapping: 0.044900 ms MarkObjects: 1.312900 ms  DeleteObjects: 0.051800 ms)

========================================================================
Received Import Request.
  Time since last request: 1280.034724 seconds.
  path: Assets/BloodOverlay.png
  artifactKey: Guid(3bf0e92542b8bd842ab35fbba1b16d21) Importer(815301076,1909f56bfc062723c751e8b465ee728b)
Start importing Assets/BloodOverlay.png using Guid(3bf0e92542b8bd842ab35fbba1b16d21) Importer(815301076,1909f56bfc062723c751e8b465ee728b)  -> (artifact id: 'bd72089f798c374f45361842c043836d') in 0.045164 seconds
  Import took 0.046903 seconds .

========================================================================
Received Import Request.
  Time since last request: 23.778226 seconds.
  path: Assets/BloodOverlay.png
  artifactKey: Guid(3bf0e92542b8bd842ab35fbba1b16d21) Importer(815301076,1909f56bfc062723c751e8b465ee728b)
Start importing Assets/BloodOverlay.png using Guid(3bf0e92542b8bd842ab35fbba1b16d21) Importer(815301076,1909f56bfc062723c751e8b465ee728b)  -> (artifact id: 'ac14a2fcd4d46aeadeca9665ab26976f') in 0.030488 seconds
  Import took 0.032340 seconds .

========================================================================
Received Prepare
Registering precompiled user dll's ...
Registered in 0.000634 seconds.
Begin MonoManager ReloadAssembly
Native extension for WindowsStandalone target not found
Refreshing native plugins compatible for Editor in 0.19 ms, found 0 plugins.
Preloading 0 native plugins for Editor in 0.00 ms.
Invoked RoslynAnalysisRunner static constructor.
RoslynAnalysisRunner will not be running.
RoslynAnalysisRunner has terminated.
Mono: successfully reloaded assembly
- Completed reload, in  0.700 seconds
Platform modules already initialized, skipping
Refreshing native plugins compatible for Editor in 0.18 ms, found 0 plugins.
Preloading 0 native plugins for Editor in 0.00 ms.
Unloading 1094 Unused Serialized files (Serialized files now loaded: 0)
System memory in use before: 60.6 MB.
System memory in use after: 60.7 MB.

Unloading 5 unused Assets to reduce memory usage. Loaded Objects now: 1602.
Total: 1.345200 ms (FindLiveObjects: 0.139600 ms CreateObjectMapping: 0.039500 ms MarkObjects: 1.118300 ms  DeleteObjects: 0.046800 ms)

AssetImportWorkerClient::OnTransportError - code=2 error=End of file
